2024-06-17T19:35:32.615+05:30  INFO 54912 --- [demo] [main] com.example.demo.DemoApplication         : Starting DemoApplication using Java 20.0.2 with PID 54912 (D:\BikkadIT\BIKKAD_IT_SPRINGBOOT\demo\demo\target\classes started by 91809 in D:\BikkadIT\BIKKAD_IT_SPRINGBOOT\demo)
2024-06-17T19:35:32.618+05:30  INFO 54912 --- [demo] [main] com.example.demo.DemoApplication         : No active profile set, falling back to 1 default profile: "default"
2024-06-17T19:35:34.053+05:30  INFO 54912 --- [demo] [main] .s.d.r.c.RepositoryConfigurationDelegate : Bootstrapping Spring Data JPA repositories in DEFAULT mode.
2024-06-17T19:35:34.347+05:30  INFO 54912 --- [demo] [main] .s.d.r.c.RepositoryConfigurationDelegate : Finished Spring Data repository scanning in 278 ms. Found 1 JPA repository interface.
2024-06-17T19:35:35.106+05:30  INFO 54912 --- [demo] [main] o.s.b.w.embedded.tomcat.TomcatWebServer  : Tomcat initialized with port 8080 (http)
2024-06-17T19:35:35.134+05:30  INFO 54912 --- [demo] [main] o.apache.catalina.core.StandardService   : Starting service [Tomcat]
2024-06-17T19:35:35.135+05:30  INFO 54912 --- [demo] [main] o.apache.catalina.core.StandardEngine    : Starting Servlet engine: [Apache Tomcat/10.1.24]
2024-06-17T19:35:35.283+05:30  INFO 54912 --- [demo] [main] o.a.c.c.C.[Tomcat].[localhost].[/]       : Initializing Spring embedded WebApplicationContext
2024-06-17T19:35:35.284+05:30  INFO 54912 --- [demo] [main] w.s.c.ServletWebServerApplicationContext : Root WebApplicationContext: initialization completed in 2549 ms
2024-06-17T19:35:35.567+05:30  INFO 54912 --- [demo] [main] o.hibernate.jpa.internal.util.LogHelper  : HHH000204: Processing PersistenceUnitInfo [name: default]
2024-06-17T19:35:35.688+05:30  INFO 54912 --- [demo] [main] org.hibernate.Version                    : HHH000412: Hibernate ORM core version 6.4.8.Final
2024-06-17T19:35:35.766+05:30  INFO 54912 --- [demo] [main] o.h.c.internal.RegionFactoryInitiator    : HHH000026: Second-level cache disabled
2024-06-17T19:35:36.202+05:30  INFO 54912 --- [demo] [main] o.s.o.j.p.SpringPersistenceUnitInfo      : No LoadTimeWeaver setup: ignoring JPA class transformer
2024-06-17T19:35:36.263+05:30  INFO 54912 --- [demo] [main] com.zaxxer.hikari.HikariDataSource       : HikariPool-1 - Starting...
2024-06-17T19:35:37.049+05:30  INFO 54912 --- [demo] [main] com.zaxxer.hikari.pool.HikariPool        : HikariPool-1 - Added connection com.mysql.cj.jdbc.ConnectionImpl@269308cc
2024-06-17T19:35:37.053+05:30  INFO 54912 --- [demo] [main] com.zaxxer.hikari.HikariDataSource       : HikariPool-1 - Start completed.
2024-06-17T19:35:37.148+05:30  WARN 54912 --- [demo] [main] org.hibernate.orm.deprecation            : HHH90000025: MySQL8Dialect does not need to be specified explicitly using 'hibernate.dialect' (remove the property setting and it will be selected by default)
2024-06-17T19:35:37.149+05:30  WARN 54912 --- [demo] [main] org.hibernate.orm.deprecation            : HHH90000026: MySQL8Dialect has been deprecated; use org.hibernate.dialect.MySQLDialect instead
2024-06-17T19:35:38.502+05:30  INFO 54912 --- [demo] [main] o.h.e.t.j.p.i.JtaPlatformInitiator       : HHH000489: No JTA platform available (set 'hibernate.transaction.jta.platform' to enable JTA platform integration)
2024-06-17T19:35:38.601+05:30  INFO 54912 --- [demo] [main] j.LocalContainerEntityManagerFactoryBean : Initialized JPA EntityManagerFactory for persistence unit 'default'
2024-06-17T19:35:39.005+05:30  WARN 54912 --- [demo] [main] JpaBaseConfiguration$JpaWebConfiguration : spring.jpa.open-in-view is enabled by default. Therefore, database queries may be performed during view rendering. Explicitly configure spring.jpa.open-in-view to disable this warning
2024-06-17T19:35:39.509+05:30  INFO 54912 --- [demo] [main] o.s.b.w.embedded.tomcat.TomcatWebServer  : Tomcat started on port 8080 (http) with context path ''
2024-06-17T19:35:39.525+05:30  INFO 54912 --- [demo] [main] com.example.demo.DemoApplication         : Started DemoApplication in 7.978 seconds (process running for 10.081)
2024-06-17T19:37:24.645+05:30  INFO 54912 --- [demo] [http-nio-8080-exec-1] o.a.c.c.C.[Tomcat].[localhost].[/]       : Initializing Spring DispatcherServlet 'dispatcherServlet'
2024-06-17T19:37:24.649+05:30  INFO 54912 --- [demo] [http-nio-8080-exec-1] o.s.web.servlet.DispatcherServlet        : Initializing Servlet 'dispatcherServlet'
2024-06-17T19:37:24.667+05:30  INFO 54912 --- [demo] [http-nio-8080-exec-1] o.s.web.servlet.DispatcherServlet        : Completed initialization in 18 ms
2024-06-17T19:37:24.847+05:30  INFO 54912 --- [demo] [http-nio-8080-exec-1] c.e.demo.controller.UserController       : entering the request of saving the user data
2024-06-17T19:37:24.847+05:30  INFO 54912 --- [demo] [http-nio-8080-exec-1] c.e.demo.service.impl.UserServiceImpl    : in service createUser, calling dao/repo
2024-06-17T19:37:25.091+05:30  INFO 54912 --- [demo] [http-nio-8080-exec-1] c.e.demo.service.impl.UserServiceImpl    : call completed
2024-06-17T19:37:25.091+05:30  INFO 54912 --- [demo] [http-nio-8080-exec-1] c.e.demo.controller.UserController       : saved the data
